TN:
SF:lib/screen/home.dart
FNF:0
FNH:0
DA:6,0
DA:7,0
DA:11,0
DA:13,0
DA:15,0
DA:16,0
DA:17,0
DA:18,0
DA:20,0
DA:26,0
DA:27,0
DA:30,0
LF:12
LH:0
end_of_record
TN:
SF:lib/screen/signIn/sign_in.dart
FNF:0
FNH:0
DA:11,2
DA:13,2
DA:14,2
DA:25,0
DA:26,0
DA:29,0
DA:30,0
DA:37,2
DA:39,2
DA:40,2
DA:41,2
DA:42,2
DA:43,2
DA:44,2
DA:45,2
DA:47,2
DA:48,2
DA:49,2
DA:51,2
DA:52,2
DA:53,2
DA:54,2
DA:57,2
DA:58,2
DA:59,2
DA:61,2
DA:65,2
DA:66,2
DA:67,2
DA:68,2
DA:69,2
DA:70,2
DA:72,2
DA:73,4
DA:79,2
DA:80,4
DA:81,2
DA:83,2
DA:84,2
DA:86,4
DA:99,2
DA:100,2
DA:102,2
DA:103,2
DA:104,4
DA:107,2
DA:108,2
DA:110,2
DA:113,2
LF:49
LH:45
end_of_record
TN:
SF:lib/screen/signup/sign_up.dart
FNF:0
FNH:0
DA:15,2
DA:22,2
DA:24,2
DA:26,2
DA:27,2
DA:28,2
DA:29,2
DA:30,2
DA:31,2
DA:32,2
DA:34,2
DA:35,2
DA:36,2
DA:38,2
DA:39,2
DA:42,2
DA:43,2
DA:44,2
DA:45,2
DA:48,2
DA:49,2
DA:52,2
DA:53,2
DA:54,2
DA:55,2
DA:56,2
DA:58,0
DA:59,0
DA:61,0
DA:62,0
DA:67,2
DA:68,4
DA:69,2
DA:71,2
DA:72,2
DA:74,4
DA:87,2
DA:88,2
DA:90,2
DA:91,2
DA:92,4
DA:95,2
DA:96,2
DA:98,2
DA:101,2
LF:45
LH:41
end_of_record
TN:
SF:lib/utils/colors.dart
FNF:0
FNH:0
DA:3,6
DA:4,6
DA:6,0
DA:7,0
LF:4
LH:2
end_of_record
TN:
SF:lib/validation/validation.dart
FNF:0
FNH:0
DA:2,0
DA:3,0
DA:10,1
DA:11,1
DA:12,1
DA:14,1
DA:21,1
DA:22,1
DA:25,2
LF:9
LH:7
end_of_record
TN:
SF:lib/widgets/button_widget.dart
FNF:0
FNH:0
DA:9,4
DA:11,2
DA:13,2
DA:14,2
DA:15,2
DA:18,2
DA:19,2
DA:20,6
DA:23,2
DA:24,2
DA:28,2
DA:29,2
DA:30,2
LF:13
LH:13
end_of_record
TN:
SF:lib/widgets/header_container.dart
FNF:0
FNH:0
DA:8,2
DA:10,2
DA:12,2
DA:13,8
DA:14,2
DA:15,2
DA:16,6
DA:19,4
DA:20,2
DA:21,2
DA:22,2
DA:25,2
DA:26,2
DA:27,2
DA:29,2
DA:30,2
LF:16
LH:16
end_of_record
